{"/Users/gabrielzarate/node-testing_jest/src/app.js": {"path":"/Users/gabrielzarate/node-testing_jest/src/app.js","statementMap":{"0":{"start":{"line":2,"column":16},"end":{"line":2,"column":34}},"1":{"start":{"line":3,"column":14},"end":{"line":3,"column":32}},"2":{"start":{"line":5,"column":12},"end":{"line":5,"column":21}},"3":{"start":{"line":6,"column":0},"end":{"line":6,"column":20}},"4":{"start":{"line":7,"column":0},"end":{"line":7,"column":21}}},"fnMap":{},"branchMap":{},"s":{"0":1,"1":1,"2":1,"3":1,"4":1},"f":{},"b":{},"_coverageSchema":"332fd63041d2c1bcb487cc26dd0d5f7d97098a6c","hash":"9afeda695349a97089d2180b80ab8ea23c08454b"}
,"/Users/gabrielzarate/node-testing_jest/src/handleListen.js": {"path":"/Users/gabrielzarate/node-testing_jest/src/handleListen.js","statementMap":{"0":{"start":{"line":1,"column":0},"end":{"line":2,"column":58}},"1":{"start":{"line":2,"column":1},"end":{"line":2,"column":57}}},"fnMap":{"0":{"name":"(anonymous_0)","decl":{"start":{"line":1,"column":17},"end":{"line":1,"column":18}},"loc":{"start":{"line":2,"column":1},"end":{"line":2,"column":57}},"line":2}},"branchMap":{},"s":{"0":1,"1":1},"f":{"0":1},"b":{},"_coverageSchema":"332fd63041d2c1bcb487cc26dd0d5f7d97098a6c","hash":"20a9183086368d1a8e04d796acfe5f2d22f091a1"}
,"/Users/gabrielzarate/node-testing_jest/src/hello.js": {"path":"/Users/gabrielzarate/node-testing_jest/src/hello.js","statementMap":{"0":{"start":{"line":1,"column":0},"end":{"line":1,"column":54}},"1":{"start":{"line":1,"column":29},"end":{"line":1,"column":53}}},"fnMap":{"0":{"name":"(anonymous_0)","decl":{"start":{"line":1,"column":17},"end":{"line":1,"column":18}},"loc":{"start":{"line":1,"column":29},"end":{"line":1,"column":53}},"line":1}},"branchMap":{},"s":{"0":2,"1":2},"f":{"0":2},"b":{},"_coverageSchema":"332fd63041d2c1bcb487cc26dd0d5f7d97098a6c","hash":"58ff4fd8171f035ffec0be996d7182e51897b67c"}
,"/Users/gabrielzarate/node-testing_jest/src/sum.js": {"path":"/Users/gabrielzarate/node-testing_jest/src/sum.js","statementMap":{"0":{"start":{"line":1,"column":0},"end":{"line":1,"column":33}},"1":{"start":{"line":1,"column":27},"end":{"line":1,"column":32}}},"fnMap":{"0":{"name":"(anonymous_0)","decl":{"start":{"line":1,"column":17},"end":{"line":1,"column":18}},"loc":{"start":{"line":1,"column":27},"end":{"line":1,"column":32}},"line":1}},"branchMap":{},"s":{"0":1,"1":1},"f":{"0":1},"b":{},"_coverageSchema":"332fd63041d2c1bcb487cc26dd0d5f7d97098a6c","hash":"231e2eaaaf1ba9cfc94f9e1ac6e200e3518c6f75"}
}
