TN:
SF:/Users/gabrielzarate/node-testing_jest/src/app.js
FNF:0
FNH:0
DA:2,1
DA:3,1
DA:5,1
DA:6,1
DA:7,1
LF:5
LH:5
BRF:0
BRH:0
end_of_record
TN:
SF:/Users/gabrielzarate/node-testing_jest/src/handleListen.js
FN:1,(anonymous_0)
FNF:1
FNH:1
FNDA:1,(anonymous_0)
DA:1,1
DA:2,1
LF:2
LH:2
BRF:0
BRH:0
end_of_record
TN:
SF:/Users/gabrielzarate/node-testing_jest/src/hello.js
FN:1,(anonymous_0)
FNF:1
FNH:1
FNDA:2,(anonymous_0)
DA:1,2
LF:1
LH:1
BRF:0
BRH:0
end_of_record
TN:
SF:/Users/gabrielzarate/node-testing_jest/src/sum.js
FN:1,(anonymous_0)
FNF:1
FNH:1
FNDA:1,(anonymous_0)
DA:1,1
LF:1
LH:1
BRF:0
BRH:0
end_of_record
